{
  "stats": {
    "suites": 14,
    "tests": 22,
    "passes": 15,
    "pending": 0,
    "failures": 3,
    "start": "2022-11-16T08:00:28.555Z",
    "end": "2022-11-16T08:02:09.298Z",
    "duration": 64019,
    "testsRegistered": 22,
    "passPercent": 68.18181818181819,
    "pendingPercent": 0,
    "other": 0,
    "hasOther": false,
    "skipped": 4,
    "hasSkipped": true
  },
  "results": [
    {
      "uuid": "64438cc3-42e0-4d8b-a6c5-c5f5f10b6aa5",
      "title": "",
      "fullFile": "cypress/e2e/beklemeMethodlari.cy.js",
      "file": "cypress/e2e/beklemeMethodlari.cy.js",
      "beforeHooks": [],
      "afterHooks": [],
      "tests": [
        {
          "title": "An uncaught error was detected outside of a test",
          "fullTitle": "An uncaught error was detected outside of a test",
          "timedOut": null,
          "duration": 175,
          "state": "failed",
          "speed": null,
          "pass": false,
          "fail": true,
          "pending": false,
          "context": null,
          "code": "throw err;",
          "err": {
            "message": "CypressError: The following error originated from your test code, not from Cypress.\n\n  > Cannot call `cy.get()` outside a running test.\n\nThis usually happens when you accidentally write commands outside an `it(...)` test.\n\nIf that is the case, just move these commands inside an `it(...)` test.\n\nCheck your test file for errors.\n\nWhen Cypress detects uncaught errors originating from your test code it will automatically fail the current test.\n\nCypress could not associate this error to any specific test.\n\nWe dynamically generated a new test to display this failure.\n\nhttps://on.cypress.io/cannot-execute-commands-outside-test",
            "estack": "CypressError: The following error originated from your test code, not from Cypress.\n\n  > Cannot call `cy.get()` outside a running test.\n\nThis usually happens when you accidentally write commands outside an `it(...)` test.\n\nIf that is the case, just move these commands inside an `it(...)` test.\n\nCheck your test file for errors.\n\nWhen Cypress detects uncaught errors originating from your test code it will automatically fail the current test.\n\nCypress could not associate this error to any specific test.\n\nWe dynamically generated a new test to display this failure.\n\nhttps://on.cypress.io/cannot-execute-commands-outside-test\n    at $Cy.ensureRunnable (http://localhost:38485/__cypress/runner/cypress_runner.js:147591:76)\n    at cy.<computed> [as get] (http://localhost:38485/__cypress/runner/cypress_runner.js:157640:10)\n    at <unknown> (http://localhost:38485/__cypress/runner/cypress_runner.js:165752:23)\n    at tryCatcher (http://localhost:38485/__cypress/runner/cypress_runner.js:11327:23)\n    at Object.gotValue (http://localhost:38485/__cypress/runner/cypress_runner.js:10469:18)\n    at Object.gotAccum (http://localhost:38485/__cypress/runner/cypress_runner.js:10458:25)\n    at Object.tryCatcher (http://localhost:38485/__cypress/runner/cypress_runner.js:11327:23)\n    at Promise._settlePromiseFromHandler (http://localhost:38485/__cypress/runner/cypress_runner.js:9262:31)\n    at Promise._settlePromise (http://localhost:38485/__cypress/runner/cypress_runner.js:9319:18)\n    at Promise._settlePromise0 (http://localhost:38485/__cypress/runner/cypress_runner.js:9364:10)\n    at Promise._settlePromises (http://localhost:38485/__cypress/runner/cypress_runner.js:9444:18)\n    at _drainQueueStep (http://localhost:38485/__cypress/runner/cypress_runner.js:6034:12)\n    at _drainQueue (http://localhost:38485/__cypress/runner/cypress_runner.js:6027:9)\n    at ../../node_modules/bluebird/js/release/async.js.Async._drainQueues (http://localhost:38485/__cypress/runner/cypress_runner.js:6043:5)\n    at Async.drainQueues (http://localhost:38485/__cypress/runner/cypress_runner.js:5913:14)",
            "diff": null
          },
          "uuid": "77e31e8b-7263-4665-8697-f471b3c731f4",
          "parentUUID": "64438cc3-42e0-4d8b-a6c5-c5f5f10b6aa5",
          "isHook": false,
          "skipped": false
        }
      ],
      "suites": [],
      "passes": [],
      "failures": [
        "77e31e8b-7263-4665-8697-f471b3c731f4"
      ],
      "pending": [],
      "skipped": [],
      "duration": 175,
      "root": true,
      "rootEmpty": false,
      "_timeout": 2000
    },
    {
      "uuid": "cf311eac-041f-4a84-a14d-b46a2b7b195b",
      "title": "",
      "fullFile": "cypress/e2e/lesson1/crytal_assert.cy.js",
      "file": "cypress/e2e/lesson1/crytal_assert.cy.js",
      "beforeHooks": [],
      "afterHooks": [],
      "tests": [],
      "suites": [
        {
          "uuid": "5a646cb6-cb89-4fab-9239-23eb793a49a3",
          "title": "Key Hotel",
          "fullFile": "",
          "file": "",
          "beforeHooks": [],
          "afterHooks": [],
          "tests": [
            {
              "title": "Test Case1",
              "fullTitle": "Key Hotel Test Case1",
              "timedOut": null,
              "duration": 10596,
              "state": "passed",
              "speed": "slow",
              "pass": true,
              "fail": false,
              "pending": false,
              "context": null,
              "code": "cy.visit('https://qa-environment.koalaresorthotels.com/');\ncy.contains('Log in').click(); //ASSERT\n//! Hesap sayfasinda oldugumuzu dogrulamak icin 5 secenek;\n//1.\ncy.url().should('include', 'Account'); //url account iceriyor mu\n//2.\ncy.get('#navLogon > .nav-link').should('have.text', 'Log in'); //locate edilen yerdeki metinde Log in yaziyor mu \n//3.\ncy.get('.row > .mb-4').should('be.visible'); //locate edilen yerde metin var mi veya gorunur mu \n//4.\n// cy.title().should('eq',\"KoalaResortHotels- Log in\")\n//5.\ncy.get('.row > .mb-4').should('include.text', 'Log in');",
              "err": {},
              "uuid": "c516fc23-e08c-477e-a4bb-7ba3bdb96c0a",
              "parentUUID": "5a646cb6-cb89-4fab-9239-23eb793a49a3",
              "isHook": false,
              "skipped": false
            }
          ],
          "suites": [],
          "passes": [
            "c516fc23-e08c-477e-a4bb-7ba3bdb96c0a"
          ],
          "failures": [],
          "pending": [],
          "skipped": [],
          "duration": 10596,
          "root": false,
          "rootEmpty": false,
          "_timeout": 2000
        }
      ],
      "passes": [],
      "failures": [],
      "pending": [],
      "skipped": [],
      "duration": 0,
      "root": true,
      "rootEmpty": true,
      "_timeout": 2000
    },
    {
      "uuid": "18ac8e52-7a4f-4462-971d-0e44cbdde785",
      "title": "",
      "fullFile": "cypress/e2e/lesson1/firstTest.cy.js",
      "file": "cypress/e2e/lesson1/firstTest.cy.js",
      "beforeHooks": [],
      "afterHooks": [],
      "tests": [],
      "suites": [
        {
          "uuid": "6ccc4fdd-3c53-41a8-a985-f3e24c085f1f",
          "title": "empty spec",
          "fullFile": "",
          "file": "",
          "beforeHooks": [],
          "afterHooks": [],
          "tests": [
            {
              "title": "passes",
              "fullTitle": "empty spec passes",
              "timedOut": null,
              "duration": 938,
              "state": "passed",
              "speed": "fast",
              "pass": true,
              "fail": false,
              "pending": false,
              "context": null,
              "code": "//testi tanimliyoruz. @test gibi\n//url adresinde google var mi? \ncy.visit('https://www.google.com/'); //visit('site adresi') siteye gider\ncy.url().should('include', 'google'); //url() url testi yapilacagi zaman kullanilir  \n//should('iceriyormu','xxxx')",
              "err": {},
              "uuid": "003c1ef4-deb7-47f1-b4c4-f685c557be7a",
              "parentUUID": "6ccc4fdd-3c53-41a8-a985-f3e24c085f1f",
              "isHook": false,
              "skipped": false
            },
            {
              "title": "Title test ",
              "fullTitle": "empty spec Title test ",
              "timedOut": null,
              "duration": 553,
              "state": "passed",
              "speed": "fast",
              "pass": true,
              "fail": false,
              "pending": false,
              "context": null,
              "code": "//title da google var mi?\ncy.visit('https://www.google.com/');\ncy.title().should('eq', 'Google');",
              "err": {},
              "uuid": "b5180480-a213-49ee-a549-ece3a4506c9d",
              "parentUUID": "6ccc4fdd-3c53-41a8-a985-f3e24c085f1f",
              "isHook": false,
              "skipped": false
            }
          ],
          "suites": [],
          "passes": [
            "003c1ef4-deb7-47f1-b4c4-f685c557be7a",
            "b5180480-a213-49ee-a549-ece3a4506c9d"
          ],
          "failures": [],
          "pending": [],
          "skipped": [],
          "duration": 1491,
          "root": false,
          "rootEmpty": false,
          "_timeout": 2000
        }
      ],
      "passes": [],
      "failures": [],
      "pending": [],
      "skipped": [],
      "duration": 0,
      "root": true,
      "rootEmpty": true,
      "_timeout": 2000
    },
    {
      "uuid": "5fea8398-388e-4fdb-a562-aaed617a763e",
      "title": "",
      "fullFile": "cypress/e2e/lesson1/loginTest.cy.js",
      "file": "cypress/e2e/lesson1/loginTest.cy.js",
      "beforeHooks": [],
      "afterHooks": [],
      "tests": [],
      "suites": [
        {
          "uuid": "0eb99e55-b2b5-4ed1-90b9-6cb5c6f4788d",
          "title": "Crystal Key Hotel",
          "fullFile": "",
          "file": "",
          "beforeHooks": [],
          "afterHooks": [],
          "tests": [
            {
              "title": "Otel testi",
              "fullTitle": "Crystal Key Hotel Otel testi",
              "timedOut": null,
              "duration": 20070,
              "state": "passed",
              "speed": "slow",
              "pass": true,
              "fail": false,
              "pending": false,
              "context": null,
              "code": "cy.visit('https://qa-environment.koalaresorthotels.com/'); //selenium get\n//1.yol\ncy.get('#navLogon > .nav-link').click(); //2.yol \ncy.contains('Log in').click(); //contains metni text olarak bulur\n//username: 'manager' \ncy.get('#UserName').type('Manager'); // type icerisinde yazani locate alinan yere yaz demek \ncy.get('#Password').type('Manager1!');\ncy.get('#btnSubmit').click();",
              "err": {},
              "uuid": "3c025588-d3d4-40ab-9c0b-7853b43dd0c8",
              "parentUUID": "0eb99e55-b2b5-4ed1-90b9-6cb5c6f4788d",
              "isHook": false,
              "skipped": false
            }
          ],
          "suites": [],
          "passes": [
            "3c025588-d3d4-40ab-9c0b-7853b43dd0c8"
          ],
          "failures": [],
          "pending": [],
          "skipped": [],
          "duration": 20070,
          "root": false,
          "rootEmpty": false,
          "_timeout": 2000
        }
      ],
      "passes": [],
      "failures": [],
      "pending": [],
      "skipped": [],
      "duration": 0,
      "root": true,
      "rootEmpty": true,
      "_timeout": 2000
    },
    {
      "uuid": "468a4ed1-1711-48a4-b253-7a1e84b997e0",
      "title": "",
      "fullFile": "cypress/e2e/lesson2/dropdown.cy.js",
      "file": "cypress/e2e/lesson2/dropdown.cy.js",
      "beforeHooks": [],
      "afterHooks": [],
      "tests": [],
      "suites": [
        {
          "uuid": "0297cc18-40c1-4eb7-9d79-396050145097",
          "title": "dropdowm",
          "fullFile": "",
          "file": "",
          "beforeHooks": [],
          "afterHooks": [],
          "tests": [
            {
              "title": "dropdown test",
              "fullTitle": "dropdowm dropdown test",
              "timedOut": null,
              "duration": 1882,
              "state": "passed",
              "speed": "fast",
              "pass": true,
              "fail": false,
              "pending": false,
              "context": null,
              "code": "cy.visit(\"https://the-internet.herokuapp.com/dropdown\");\ncy.get('#dropdown').select('Option 1').should('have.value', '1'); //select option 2 \ncy.get('#dropdown').select('Option 2').should('have.value', '2');",
              "err": {},
              "uuid": "5c4638b2-3783-4de8-9bcd-5fd10dbda727",
              "parentUUID": "0297cc18-40c1-4eb7-9d79-396050145097",
              "isHook": false,
              "skipped": false
            }
          ],
          "suites": [],
          "passes": [
            "5c4638b2-3783-4de8-9bcd-5fd10dbda727"
          ],
          "failures": [],
          "pending": [],
          "skipped": [],
          "duration": 1882,
          "root": false,
          "rootEmpty": false,
          "_timeout": 2000
        }
      ],
      "passes": [],
      "failures": [],
      "pending": [],
      "skipped": [],
      "duration": 0,
      "root": true,
      "rootEmpty": true,
      "_timeout": 2000
    },
    {
      "uuid": "8cdf7b35-ce5c-40c9-965f-233e50b471e1",
      "title": "",
      "fullFile": "cypress/e2e/lesson2/loginTest.cy.js",
      "file": "cypress/e2e/lesson2/loginTest.cy.js",
      "beforeHooks": [],
      "afterHooks": [],
      "tests": [],
      "suites": [
        {
          "uuid": "bb0f924f-799b-4842-aad6-59a0721de7ed",
          "title": "Login",
          "fullFile": "",
          "file": "",
          "beforeHooks": [],
          "afterHooks": [],
          "tests": [
            {
              "title": "login negatif",
              "fullTitle": "Login login negatif",
              "timedOut": null,
              "duration": 0,
              "state": "pending",
              "speed": null,
              "pass": false,
              "fail": false,
              "pending": false,
              "context": null,
              "code": "//siteye ulasilmiyor \ncy.visit('https://test.iyikisordun.com/login.php');\ncy.get('[type=\"email\"]').type(eMail);\ncy.get('[type=\"password\"]').type(pass);\ncy.get('.btn').click();\ncy.get('#fail').should('include.text', 'girdiginiz bilgiler hatalidir'); //fail bekledigimiz durumlarda kullanabiliriz",
              "err": {},
              "uuid": "32ceac5f-0002-4aa5-a4e4-a73af24447d1",
              "parentUUID": "bb0f924f-799b-4842-aad6-59a0721de7ed",
              "isHook": false,
              "skipped": true
            },
            {
              "title": "login pozitif",
              "fullTitle": "Login login pozitif",
              "timedOut": null,
              "duration": 2073,
              "state": "failed",
              "speed": null,
              "pass": false,
              "fail": true,
              "pending": false,
              "context": null,
              "code": "cy.visit('https://test.iyikisordun.com/login.php');\ncy.get('[type=\"email\"]').type(eMail);\ncy.get('[type=\"password\"]').type(pass);\ncy.get('.btn').click();",
              "err": {
                "message": "CypressError: `cy.visit()` failed trying to load:\n\nhttps://test.iyikisordun.com/login.php\n\nWe attempted to make an http request to this URL but the request failed without a response.\n\nWe received this error at the network level:\n\n  > Error: getaddrinfo ENOTFOUND test.iyikisordun.com\n\nCommon situations why this would fail:\n  - you don't have internet access\n  - you forgot to run / boot your web server\n  - your web server isn't accessible\n  - you have weird network configuration settings on your computer",
                "estack": "CypressError: `cy.visit()` failed trying to load:\n\nhttps://test.iyikisordun.com/login.php\n\nWe attempted to make an http request to this URL but the request failed without a response.\n\nWe received this error at the network level:\n\n  > Error: getaddrinfo ENOTFOUND test.iyikisordun.com\n\nCommon situations why this would fail:\n  - you don't have internet access\n  - you forgot to run / boot your web server\n  - your web server isn't accessible\n  - you have weird network configuration settings on your computer\n    at <unknown> (http://localhost:38485/__cypress/runner/cypress_runner.js:142407:82)\n    at visitFailedByErr (http://localhost:38485/__cypress/runner/cypress_runner.js:141695:12)\n    at <unknown> (http://localhost:38485/__cypress/runner/cypress_runner.js:142406:11)\n    at tryCatcher (http://localhost:38485/__cypress/runner/cypress_runner.js:11327:23)\n    at Promise._settlePromiseFromHandler (http://localhost:38485/__cypress/runner/cypress_runner.js:9262:31)\n    at Promise._settlePromise (http://localhost:38485/__cypress/runner/cypress_runner.js:9319:18)\n    at Promise._settlePromise0 (http://localhost:38485/__cypress/runner/cypress_runner.js:9364:10)\n    at Promise._settlePromises (http://localhost:38485/__cypress/runner/cypress_runner.js:9440:18)\n    at _drainQueueStep (http://localhost:38485/__cypress/runner/cypress_runner.js:6034:12)\n    at _drainQueue (http://localhost:38485/__cypress/runner/cypress_runner.js:6027:9)\n    at ../../node_modules/bluebird/js/release/async.js.Async._drainQueues (http://localhost:38485/__cypress/runner/cypress_runner.js:6043:5)\n    at Async.drainQueues (http://localhost:38485/__cypress/runner/cypress_runner.js:5913:14)\nFrom Your Spec Code:\n    at Context.eval (webpack:///./cypress/e2e/lesson2/loginTest.cy.js:15:11)\n\nFrom Node.js Internals:\n  Error: getaddrinfo ENOTFOUND test.iyikisordun.com\n      at GetAddrInfoReqWrap.onlookup [as oncomplete] (node:dns:71:26)",
                "diff": null
              },
              "uuid": "68f28126-46aa-4c4c-9f8e-686c738927c3",
              "parentUUID": "bb0f924f-799b-4842-aad6-59a0721de7ed",
              "isHook": false,
              "skipped": false
            }
          ],
          "suites": [],
          "passes": [],
          "failures": [
            "68f28126-46aa-4c4c-9f8e-686c738927c3"
          ],
          "pending": [],
          "skipped": [
            "32ceac5f-0002-4aa5-a4e4-a73af24447d1"
          ],
          "duration": 2073,
          "root": false,
          "rootEmpty": false,
          "_timeout": 2000
        }
      ],
      "passes": [],
      "failures": [],
      "pending": [],
      "skipped": [],
      "duration": 0,
      "root": true,
      "rootEmpty": true,
      "_timeout": 2000
    },
    {
      "uuid": "ab7434eb-1533-4b5f-a318-e7d62a43e6c6",
      "title": "",
      "fullFile": "cypress/e2e/lesson2/navigation.cy.js",
      "file": "cypress/e2e/lesson2/navigation.cy.js",
      "beforeHooks": [],
      "afterHooks": [],
      "tests": [],
      "suites": [
        {
          "uuid": "2cf63c48-a249-4f7f-8447-114ea3629c9e",
          "title": "Navigasyon",
          "fullFile": "",
          "file": "",
          "beforeHooks": [],
          "afterHooks": [],
          "tests": [
            {
              "title": "back,forward,refresh",
              "fullTitle": "Navigasyon back,forward,refresh",
              "timedOut": null,
              "duration": 0,
              "state": "pending",
              "speed": null,
              "pass": false,
              "fail": false,
              "pending": false,
              "context": null,
              "code": "//skip yazdigimizda bu testi calistirmaz\ncy.visit('https://qa-environment.koalaresorthotels.com/');\ncy.contains('Log in').click();\ncy.wait(2000); //2 sn bekle HARD WAIT\ncy.go('back'); //onceki sayfaya git\n//cy.go(-1)\n//onceki sayfaya git\ncy.go('forward'); //ileri sayfaya git\ncy.pause(); //kodu durdurur\ncy.go(1); //ileri sayfaya git\ncy.reload(); //sayfayi yeniden yukleme",
              "err": {},
              "uuid": "24840308-41f0-4156-8cf5-0c7a9e49a7af",
              "parentUUID": "2cf63c48-a249-4f7f-8447-114ea3629c9e",
              "isHook": false,
              "skipped": true
            },
            {
              "title": "zincirleme navigasyon",
              "fullTitle": "Navigasyon zincirleme navigasyon",
              "timedOut": null,
              "duration": 6383,
              "state": "passed",
              "speed": "medium",
              "pass": true,
              "fail": false,
              "pending": false,
              "context": null,
              "code": "cy.visit('https://qa-environment.koalaresorthotels.com/');\ncy.contains('Log in').click().go('back').go('forward').go('back');\ncy.reload(true).contains('Log in').should(\"be.visible\");",
              "err": {},
              "uuid": "a004c6ca-36ff-4b04-ae4a-ca48718ad04d",
              "parentUUID": "2cf63c48-a249-4f7f-8447-114ea3629c9e",
              "isHook": false,
              "skipped": false
            }
          ],
          "suites": [],
          "passes": [
            "a004c6ca-36ff-4b04-ae4a-ca48718ad04d"
          ],
          "failures": [],
          "pending": [],
          "skipped": [
            "24840308-41f0-4156-8cf5-0c7a9e49a7af"
          ],
          "duration": 6383,
          "root": false,
          "rootEmpty": false,
          "_timeout": 2000
        }
      ],
      "passes": [],
      "failures": [],
      "pending": [],
      "skipped": [],
      "duration": 0,
      "root": true,
      "rootEmpty": true,
      "_timeout": 2000
    },
    {
      "uuid": "78c00c3b-2f1b-4591-ba56-85aba2c56694",
      "title": "",
      "fullFile": "cypress/e2e/lesson3/checkbox.cy.js",
      "file": "cypress/e2e/lesson3/checkbox.cy.js",
      "beforeHooks": [],
      "afterHooks": [],
      "tests": [
        {
          "title": "An uncaught error was detected outside of a test",
          "fullTitle": "An uncaught error was detected outside of a test",
          "timedOut": null,
          "duration": 171,
          "state": "failed",
          "speed": null,
          "pass": false,
          "fail": true,
          "pending": false,
          "context": null,
          "code": "throw err;",
          "err": {
            "message": "CypressError: The following error originated from your test code, not from Cypress.\n\n  > Cannot call `cy.get()` outside a running test.\n\nThis usually happens when you accidentally write commands outside an `it(...)` test.\n\nIf that is the case, just move these commands inside an `it(...)` test.\n\nCheck your test file for errors.\n\nWhen Cypress detects uncaught errors originating from your test code it will automatically fail the current test.\n\nCypress could not associate this error to any specific test.\n\nWe dynamically generated a new test to display this failure.\n\nhttps://on.cypress.io/cannot-execute-commands-outside-test",
            "estack": "CypressError: The following error originated from your test code, not from Cypress.\n\n  > Cannot call `cy.get()` outside a running test.\n\nThis usually happens when you accidentally write commands outside an `it(...)` test.\n\nIf that is the case, just move these commands inside an `it(...)` test.\n\nCheck your test file for errors.\n\nWhen Cypress detects uncaught errors originating from your test code it will automatically fail the current test.\n\nCypress could not associate this error to any specific test.\n\nWe dynamically generated a new test to display this failure.\n\nhttps://on.cypress.io/cannot-execute-commands-outside-test\n    at $Cy.ensureRunnable (http://localhost:38485/__cypress/runner/cypress_runner.js:147591:76)\n    at cy.<computed> [as get] (http://localhost:38485/__cypress/runner/cypress_runner.js:157640:10)\n    at Object.create (http://localhost:38485/__cypress/runner/cypress_runner.js:103500:19)\n    at context.describe.context.context (http://localhost:38485/__cypress/runner/cypress_runner.js:103276:27)\n    at createRunnable (http://localhost:38485/__cypress/runner/cypress_runner.js:162627:31)\n    at <unknown> (http://localhost:38485/__cypress/runner/cypress_runner.js:162695:14)\n    at <unknown> (http://localhost:38485/__cypress/runner/cypress_runner.js:165752:23)\n    at tryCatcher (http://localhost:38485/__cypress/runner/cypress_runner.js:11327:23)\n    at Object.gotValue (http://localhost:38485/__cypress/runner/cypress_runner.js:10469:18)\n    at Object.gotAccum (http://localhost:38485/__cypress/runner/cypress_runner.js:10458:25)\n    at Object.tryCatcher (http://localhost:38485/__cypress/runner/cypress_runner.js:11327:23)\n    at Promise._settlePromiseFromHandler (http://localhost:38485/__cypress/runner/cypress_runner.js:9262:31)\n    at Promise._settlePromise (http://localhost:38485/__cypress/runner/cypress_runner.js:9319:18)\n    at Promise._settlePromise0 (http://localhost:38485/__cypress/runner/cypress_runner.js:9364:10)\n    at Promise._settlePromises (http://localhost:38485/__cypress/runner/cypress_runner.js:9444:18)\n    at _drainQueueStep (http://localhost:38485/__cypress/runner/cypress_runner.js:6034:12)\n    at _drainQueue (http://localhost:38485/__cypress/runner/cypress_runner.js:6027:9)\n    at ../../node_modules/bluebird/js/release/async.js.Async._drainQueues (http://localhost:38485/__cypress/runner/cypress_runner.js:6043:5)\n    at Async.drainQueues (http://localhost:38485/__cypress/runner/cypress_runner.js:5913:14)",
            "diff": null
          },
          "uuid": "4910cb85-8268-49b8-9256-2a32a7e73b3d",
          "parentUUID": "78c00c3b-2f1b-4591-ba56-85aba2c56694",
          "isHook": false,
          "skipped": false
        }
      ],
      "suites": [],
      "passes": [],
      "failures": [
        "4910cb85-8268-49b8-9256-2a32a7e73b3d"
      ],
      "pending": [],
      "skipped": [],
      "duration": 171,
      "root": true,
      "rootEmpty": false,
      "_timeout": 2000
    },
    {
      "uuid": "b58be3c1-55ef-4896-80c6-66b679c9127d",
      "title": "",
      "fullFile": "cypress/e2e/lesson3/hoverOver.cy.js",
      "file": "cypress/e2e/lesson3/hoverOver.cy.js",
      "beforeHooks": [],
      "afterHooks": [],
      "tests": [],
      "suites": [
        {
          "uuid": "10732272-4836-4496-8cc7-a93b994d580d",
          "title": "hover over",
          "fullFile": "",
          "file": "",
          "beforeHooks": [],
          "afterHooks": [],
          "tests": [
            {
              "title": "move over",
              "fullTitle": "hover over move over",
              "timedOut": null,
              "duration": 7019,
              "state": "passed",
              "speed": "medium",
              "pass": true,
              "fail": false,
              "pending": false,
              "context": null,
              "code": "cy.visit('https://www.amazon.com/');\ncy.get('.icp-nav-link-inner > .nav-line-2 > .nav-icon').trigger('mouseover'); //trigger()=> mouse'u hareket ettirir\n//change country/region\ncy.contains('Change country/region').click();\ncy.wait(2000); //select Canada \ncy.get('.a-dropdown-prompt').click();\ncy.get('#icp-dropdown_3').click(); // cy.get('#icp-selected-country').select('Canada',{force: true}) \n//! dropdown elementini acmaya zorlamak icin kullanilir",
              "err": {},
              "uuid": "69e9f7b9-501e-423e-a589-b2bc6a772dca",
              "parentUUID": "10732272-4836-4496-8cc7-a93b994d580d",
              "isHook": false,
              "skipped": false
            }
          ],
          "suites": [],
          "passes": [
            "69e9f7b9-501e-423e-a589-b2bc6a772dca"
          ],
          "failures": [],
          "pending": [],
          "skipped": [],
          "duration": 7019,
          "root": false,
          "rootEmpty": false,
          "_timeout": 2000
        }
      ],
      "passes": [],
      "failures": [],
      "pending": [],
      "skipped": [],
      "duration": 0,
      "root": true,
      "rootEmpty": true,
      "_timeout": 2000
    },
    {
      "uuid": "a561b541-169a-4769-8d17-6df0661f0e66",
      "title": "",
      "fullFile": "cypress/e2e/lesson3/scroll.cy.js",
      "file": "cypress/e2e/lesson3/scroll.cy.js",
      "beforeHooks": [],
      "afterHooks": [],
      "tests": [],
      "suites": [
        {
          "uuid": "99c2392a-aa56-483e-9796-572aea86807b",
          "title": "scroll",
          "fullFile": "",
          "file": "",
          "beforeHooks": [],
          "afterHooks": [],
          "tests": [
            {
              "title": "scroll into view",
              "fullTitle": "scroll scroll into view",
              "timedOut": null,
              "duration": 5038,
              "state": "passed",
              "speed": "medium",
              "pass": true,
              "fail": false,
              "pending": false,
              "context": null,
              "code": "//locate edilen yere gider \ncy.visit('https://qa-environment.koalaresorthotels.com/');\ncy.wait(2000);\ncy.get('.col-md-7 > .mb-4').scrollIntoView(); //locate edilen yere gider \ncy.get(':nth-child(9) > .container > .justify-content-center > .col-md-7 > h2').scrollIntoView();\ncy.scrollTo('bottom'); //en alta iner\ncy.scrollTo('top'); //en uste cikar\ncy.scrollTo(0, 1000); //1000px down\ncy.scrollTo(0, -1000); //1000px up",
              "err": {},
              "uuid": "b82f9021-009f-459c-9ae7-540c32632d19",
              "parentUUID": "99c2392a-aa56-483e-9796-572aea86807b",
              "isHook": false,
              "skipped": false
            }
          ],
          "suites": [],
          "passes": [
            "b82f9021-009f-459c-9ae7-540c32632d19"
          ],
          "failures": [],
          "pending": [],
          "skipped": [],
          "duration": 5038,
          "root": false,
          "rootEmpty": false,
          "_timeout": 2000
        }
      ],
      "passes": [],
      "failures": [],
      "pending": [],
      "skipped": [],
      "duration": 0,
      "root": true,
      "rootEmpty": true,
      "_timeout": 2000
    },
    {
      "uuid": "89a3748c-6f93-4f4e-83b9-f77de7423bd7",
      "title": "",
      "fullFile": "cypress/e2e/lesson4/alerts.cy.js",
      "file": "cypress/e2e/lesson4/alerts.cy.js",
      "beforeHooks": [],
      "afterHooks": [],
      "tests": [],
      "suites": [
        {
          "uuid": "188d7445-4251-4a2e-9a4f-a09459444f4a",
          "title": "allerts",
          "fullFile": "",
          "file": "",
          "beforeHooks": [],
          "afterHooks": [],
          "tests": [
            {
              "title": "allerts test",
              "fullTitle": "allerts allerts test",
              "timedOut": null,
              "duration": 1454,
              "state": "passed",
              "speed": "fast",
              "pass": true,
              "fail": false,
              "pending": false,
              "context": null,
              "code": "cy.visit(\"https://the-internet.herokuapp.com/javascript_alerts\");\ncy.get(':nth-child(1) > button').click();\ncy.get('#result').should('have.text', 'You successfully clicked an alert');",
              "err": {},
              "uuid": "8dbbc725-268c-4e01-8e91-700d4add39c6",
              "parentUUID": "188d7445-4251-4a2e-9a4f-a09459444f4a",
              "isHook": false,
              "skipped": false
            },
            {
              "title": "accept alert Test",
              "fullTitle": "allerts accept alert Test",
              "timedOut": null,
              "duration": 473,
              "state": "passed",
              "speed": "fast",
              "pass": true,
              "fail": false,
              "pending": false,
              "context": null,
              "code": "cy.visit(\"https://the-internet.herokuapp.com/javascript_alerts\");\ncy.get(':nth-child(2) > button').click();\ncy.get('#result').should('have.text', 'You clicked: Ok');",
              "err": {},
              "uuid": "8909fbb1-9c16-4d73-8253-ddfbbec91c9c",
              "parentUUID": "188d7445-4251-4a2e-9a4f-a09459444f4a",
              "isHook": false,
              "skipped": false
            },
            {
              "title": "dismiss alert",
              "fullTitle": "allerts dismiss alert",
              "timedOut": null,
              "duration": 474,
              "state": "passed",
              "speed": "fast",
              "pass": true,
              "fail": false,
              "pending": false,
              "context": null,
              "code": "cy.visit(\"https://the-internet.herokuapp.com/javascript_alerts\");\ncy.get(':nth-child(2) > button').click();\ncy.on(\"window:confirm\", str => {\n  return false; // cancel tiklamis olur true olsaydi ok tiklayacakti\n});\ncy.get('#result').should('have.text', 'You clicked: Cancel');",
              "err": {},
              "uuid": "d1e3974e-b04c-4ef5-b0c4-1ef909df403a",
              "parentUUID": "188d7445-4251-4a2e-9a4f-a09459444f4a",
              "isHook": false,
              "skipped": false
            },
            {
              "title": "entering text on the allert",
              "fullTitle": "allerts entering text on the allert",
              "timedOut": null,
              "duration": 435,
              "state": "passed",
              "speed": "fast",
              "pass": true,
              "fail": false,
              "pending": false,
              "context": null,
              "code": "cy.visit(\"https://the-internet.herokuapp.com/javascript_alerts\");\ncy.window() // pop up pencelereleri kontrol edilir\n.then($windowElement => {\n  //prompt'a bilgi girisi saglar \n  cy.stub($windowElement, 'prompt').returns('hi'); //stub prompt'a mesaj gonderir\n  cy.get(':nth-child(3) > button').click();\n});\ncy.get('#result').should('have.text', 'You entered: hi');",
              "err": {},
              "uuid": "71fd12b5-4362-44fc-b3bc-78826b99fe83",
              "parentUUID": "188d7445-4251-4a2e-9a4f-a09459444f4a",
              "isHook": false,
              "skipped": false
            }
          ],
          "suites": [],
          "passes": [
            "8dbbc725-268c-4e01-8e91-700d4add39c6",
            "8909fbb1-9c16-4d73-8253-ddfbbec91c9c",
            "d1e3974e-b04c-4ef5-b0c4-1ef909df403a",
            "71fd12b5-4362-44fc-b3bc-78826b99fe83"
          ],
          "failures": [],
          "pending": [],
          "skipped": [],
          "duration": 2836,
          "root": false,
          "rootEmpty": false,
          "_timeout": 2000
        }
      ],
      "passes": [],
      "failures": [],
      "pending": [],
      "skipped": [],
      "duration": 0,
      "root": true,
      "rootEmpty": true,
      "_timeout": 2000
    },
    {
      "uuid": "1a9276c5-ad0a-42dc-bb77-4804815b5d89",
      "title": "",
      "fullFile": "cypress/e2e/lesson4/customMethod.cy.js",
      "file": "cypress/e2e/lesson4/customMethod.cy.js",
      "beforeHooks": [],
      "afterHooks": [],
      "tests": [],
      "suites": [
        {
          "uuid": "b2ad02f6-a371-4aa3-8f83-a0c732afe272",
          "title": "",
          "fullFile": "",
          "file": "",
          "beforeHooks": [],
          "afterHooks": [],
          "tests": [
            {
              "title": "login",
              "fullTitle": " login",
              "timedOut": null,
              "duration": 0,
              "state": "pending",
              "speed": null,
              "pass": false,
              "fail": false,
              "pending": false,
              "context": null,
              "code": "cy.login('12zynp@gmail.com', 'djdjjd'); //login-> commands.js de tanimlanan method\n//commands.js'de tanimlandigi icin framework'ten ulasabiliyoruz",
              "err": {},
              "uuid": "cc53f86b-7ad4-4416-b0c0-c71173439e7e",
              "parentUUID": "b2ad02f6-a371-4aa3-8f83-a0c732afe272",
              "isHook": false,
              "skipped": true
            },
            {
              "title": "negative log in",
              "fullTitle": " negative log in",
              "timedOut": null,
              "duration": 508,
              "state": "passed",
              "speed": "fast",
              "pass": true,
              "fail": false,
              "pending": false,
              "context": null,
              "code": "//hatali giris yapilir\ncy.screenshot();",
              "err": {},
              "uuid": "2be4d10a-0e67-43b2-9809-039100aa6a37",
              "parentUUID": "b2ad02f6-a371-4aa3-8f83-a0c732afe272",
              "isHook": false,
              "skipped": false
            }
          ],
          "suites": [],
          "passes": [
            "2be4d10a-0e67-43b2-9809-039100aa6a37"
          ],
          "failures": [],
          "pending": [],
          "skipped": [
            "cc53f86b-7ad4-4416-b0c0-c71173439e7e"
          ],
          "duration": 508,
          "root": false,
          "rootEmpty": false,
          "_timeout": 2000
        }
      ],
      "passes": [],
      "failures": [],
      "pending": [],
      "skipped": [],
      "duration": 0,
      "root": true,
      "rootEmpty": true,
      "_timeout": 2000
    },
    {
      "uuid": "34a1ba06-1f06-4ab6-bd0e-1fba3398dd4f",
      "title": "",
      "fullFile": "cypress/e2e/lesson4/dragAndDrop.cy.js",
      "file": "cypress/e2e/lesson4/dragAndDrop.cy.js",
      "beforeHooks": [],
      "afterHooks": [],
      "tests": [],
      "suites": [
        {
          "uuid": "0b70d228-4828-4cf8-9aba-b9d3680fa952",
          "title": "Drag and drop",
          "fullFile": "",
          "file": "",
          "beforeHooks": [],
          "afterHooks": [],
          "tests": [
            {
              "title": "double click",
              "fullTitle": "Drag and drop double click",
              "timedOut": null,
              "duration": 0,
              "state": "pending",
              "speed": null,
              "pass": false,
              "fail": false,
              "pending": false,
              "context": null,
              "code": "//double click yapilacak sayfa yok cy.get('locate).dblclick() method bu \n//right click yapilacak sayfa yok cy.get('locate).right click() method bu \ncy.on('window:alert', str => {\n  //double click'den sonra alert cikiyor onun assertioni\n  // assert\n  //!1\n  expect(str).to.equal('hi, JavaTpoint Testing'); //!2\n  expect(str).to.eq('hi, JavaTpoint Testing'); //!3\n  expect(str).to.contains('hi, JavaTpoint Testing');\n});",
              "err": {},
              "uuid": "b7ee9c53-42a6-43ee-a598-527ebbab962c",
              "parentUUID": "0b70d228-4828-4cf8-9aba-b9d3680fa952",
              "isHook": false,
              "skipped": true
            },
            {
              "title": "drag and drop",
              "fullTitle": "Drag and drop drag and drop",
              "timedOut": null,
              "duration": 2064,
              "state": "passed",
              "speed": "fast",
              "pass": true,
              "fail": false,
              "pending": false,
              "context": null,
              "code": "cy.visit('https://the-internet.herokuapp.com/drag_and_drop');\ncy.get('#column-a') //suruklenecek element locate'i \n.drag('#column-b'); //suruklenecek yerin locate'i",
              "err": {},
              "uuid": "6f216d9c-6367-4af6-96b0-5a8c0b4de3cb",
              "parentUUID": "0b70d228-4828-4cf8-9aba-b9d3680fa952",
              "isHook": false,
              "skipped": false
            }
          ],
          "suites": [],
          "passes": [
            "6f216d9c-6367-4af6-96b0-5a8c0b4de3cb"
          ],
          "failures": [],
          "pending": [],
          "skipped": [
            "b7ee9c53-42a6-43ee-a598-527ebbab962c"
          ],
          "duration": 2064,
          "root": false,
          "rootEmpty": false,
          "_timeout": 2000
        }
      ],
      "passes": [],
      "failures": [],
      "pending": [],
      "skipped": [],
      "duration": 0,
      "root": true,
      "rootEmpty": true,
      "_timeout": 2000
    },
    {
      "uuid": "290c1ad4-b591-4e33-bcb2-4ad5409c8b8c",
      "title": "",
      "fullFile": "cypress/e2e/lesson4/iframe.cy.js",
      "file": "cypress/e2e/lesson4/iframe.cy.js",
      "beforeHooks": [],
      "afterHooks": [],
      "tests": [],
      "suites": [
        {
          "uuid": "abf467af-9e9a-4b02-bc41-d233f9ab8b24",
          "title": "iframes",
          "fullFile": "",
          "file": "",
          "beforeHooks": [],
          "afterHooks": [],
          "tests": [
            {
              "title": "iframe Test",
              "fullTitle": "iframes iframe Test",
              "timedOut": null,
              "duration": 3713,
              "state": "passed",
              "speed": "fast",
              "pass": true,
              "fail": false,
              "pending": false,
              "context": null,
              "code": "cy.visit('https://the-internet.herokuapp.com/iframe');\ncy.get('h3').should('contain', 'Editor');\ncy.frameLoaded('#mce_0_ifr'); //iframe ulasildi \ncy.iframe().find('p').clear(); // var olan yazi p taginin icindeydi onu bulduk sonrasinda icini temizledik\ncy.iframe().find('p').type(\"Zeynep\");\ncy.get('.large-4 > div > a').should('contain.text', 'Elemental Selenium');\ncy.get('.large-4 > div > a').should('contain.text', 'Elemental Selenium').click(); //yeni sekmeye gecer ve cypress ara yuzunde islem yaptirmaz",
              "err": {},
              "uuid": "5f349a87-3c23-4b32-b890-5a29ba991e97",
              "parentUUID": "abf467af-9e9a-4b02-bc41-d233f9ab8b24",
              "isHook": false,
              "skipped": false
            }
          ],
          "suites": [],
          "passes": [
            "5f349a87-3c23-4b32-b890-5a29ba991e97"
          ],
          "failures": [],
          "pending": [],
          "skipped": [],
          "duration": 3713,
          "root": false,
          "rootEmpty": false,
          "_timeout": 2000
        }
      ],
      "passes": [],
      "failures": [],
      "pending": [],
      "skipped": [],
      "duration": 0,
      "root": true,
      "rootEmpty": true,
      "_timeout": 2000
    }
  ],
  "meta": {
    "mocha": {
      "version": "7.0.1"
    },
    "mochawesome": {
      "options": {
        "quiet": false,
        "reportFilename": "report",
        "saveHtml": true,
        "saveJson": true,
        "consoleReporter": "spec",
        "useInlineDiffs": false,
        "code": true
      },
      "version": "7.1.3"
    },
    "marge": {
      "options": {
        "reportDir": "cypress/reports",
        "reportFilename": "report",
        "overwrite": false,
        "html": true,
        "json": true,
        "charts": true
      },
      "version": "6.2.0"
    }
  }
}