{
  "stats": {
    "suites": 1,
    "tests": 1,
    "passes": 1,
    "pending": 0,
    "failures": 0,
    "start": "2022-11-16T08:02:04.110Z",
    "end": "2022-11-16T08:02:09.298Z",
    "duration": 5188,
    "testsRegistered": 1,
    "passPercent": 100,
    "pendingPercent": 0,
    "other": 0,
    "hasOther": false,
    "skipped": 0,
    "hasSkipped": false
  },
  "results": [
    {
      "uuid": "290c1ad4-b591-4e33-bcb2-4ad5409c8b8c",
      "title": "",
      "fullFile": "cypress/e2e/lesson4/iframe.cy.js",
      "file": "cypress/e2e/lesson4/iframe.cy.js",
      "beforeHooks": [],
      "afterHooks": [],
      "tests": [],
      "suites": [
        {
          "uuid": "abf467af-9e9a-4b02-bc41-d233f9ab8b24",
          "title": "iframes",
          "fullFile": "",
          "file": "",
          "beforeHooks": [],
          "afterHooks": [],
          "tests": [
            {
              "title": "iframe Test",
              "fullTitle": "iframes iframe Test",
              "timedOut": null,
              "duration": 3713,
              "state": "passed",
              "speed": "fast",
              "pass": true,
              "fail": false,
              "pending": false,
              "context": null,
              "code": "cy.visit('https://the-internet.herokuapp.com/iframe');\ncy.get('h3').should('contain', 'Editor');\ncy.frameLoaded('#mce_0_ifr'); //iframe ulasildi \ncy.iframe().find('p').clear(); // var olan yazi p taginin icindeydi onu bulduk sonrasinda icini temizledik\ncy.iframe().find('p').type(\"Zeynep\");\ncy.get('.large-4 > div > a').should('contain.text', 'Elemental Selenium');\ncy.get('.large-4 > div > a').should('contain.text', 'Elemental Selenium').click(); //yeni sekmeye gecer ve cypress ara yuzunde islem yaptirmaz",
              "err": {},
              "uuid": "5f349a87-3c23-4b32-b890-5a29ba991e97",
              "parentUUID": "abf467af-9e9a-4b02-bc41-d233f9ab8b24",
              "isHook": false,
              "skipped": false
            }
          ],
          "suites": [],
          "passes": [
            "5f349a87-3c23-4b32-b890-5a29ba991e97"
          ],
          "failures": [],
          "pending": [],
          "skipped": [],
          "duration": 3713,
          "root": false,
          "rootEmpty": false,
          "_timeout": 2000
        }
      ],
      "passes": [],
      "failures": [],
      "pending": [],
      "skipped": [],
      "duration": 0,
      "root": true,
      "rootEmpty": true,
      "_timeout": 2000
    }
  ],
  "meta": {
    "mocha": {
      "version": "7.0.1"
    },
    "mochawesome": {
      "options": {
        "quiet": false,
        "reportFilename": "report",
        "saveHtml": true,
        "saveJson": true,
        "consoleReporter": "spec",
        "useInlineDiffs": false,
        "code": true
      },
      "version": "7.1.3"
    },
    "marge": {
      "options": {
        "reportDir": "cypress/reports",
        "reportFilename": "report",
        "overwrite": false,
        "html": true,
        "json": true,
        "charts": true
      },
      "version": "6.2.0"
    }
  }
}