{
  "stats": {
    "suites": 1,
    "tests": 1,
    "passes": 1,
    "pending": 0,
    "failures": 0,
    "start": "2022-11-16T12:41:58.022Z",
    "end": "2022-11-16T12:42:12.241Z",
    "duration": 14219,
    "testsRegistered": 1,
    "passPercent": 100,
    "pendingPercent": 0,
    "other": 0,
    "hasOther": false,
    "skipped": 0,
    "hasSkipped": false
  },
  "results": [
    {
      "uuid": "6419c398-37db-458e-ad8a-65fdf13f75e9",
      "title": "",
      "fullFile": "cypress/e2e/smoke_test/login.cy.js",
      "file": "cypress/e2e/smoke_test/login.cy.js",
      "beforeHooks": [],
      "afterHooks": [],
      "tests": [],
      "suites": [
        {
          "uuid": "ee34ee82-0f01-42ff-baae-482cd4dd76f5",
          "title": "Paylinn bank",
          "fullFile": "",
          "file": "",
          "beforeHooks": [],
          "afterHooks": [],
          "tests": [
            {
              "title": "paylinn login test",
              "fullTitle": "Paylinn bank paylinn login test",
              "timedOut": null,
              "duration": 11853,
              "state": "passed",
              "speed": "slow",
              "pass": true,
              "fail": false,
              "pending": false,
              "context": null,
              "code": "cy.visit(\"https://paylinn.com/\");\ncy.get('[href=\"/login\"]').click(); //or contains('Sing In').click()\ncy.get(':nth-child(1) > .MuiFormControl-root > .MuiInputBase-root > .MuiInputBase-input').type('User');\ncy.get(':nth-child(2) > .MuiFormControl-root > .MuiInputBase-root > .MuiInputBase-input').type('user');\ncy.get('.MuiButton-label').click();\ncy.get('.header__nav > :nth-child(1) > .header__lineOne').should('have.text', \"Welcome\");\n/* or contains.text */",
              "err": {},
              "uuid": "315331f8-8a51-4a83-a458-28c789ff7891",
              "parentUUID": "ee34ee82-0f01-42ff-baae-482cd4dd76f5",
              "isHook": false,
              "skipped": false
            }
          ],
          "suites": [],
          "passes": [
            "315331f8-8a51-4a83-a458-28c789ff7891"
          ],
          "failures": [],
          "pending": [],
          "skipped": [],
          "duration": 11853,
          "root": false,
          "rootEmpty": false,
          "_timeout": 2000
        }
      ],
      "passes": [],
      "failures": [],
      "pending": [],
      "skipped": [],
      "duration": 0,
      "root": true,
      "rootEmpty": true,
      "_timeout": 2000
    }
  ],
  "meta": {
    "mocha": {
      "version": "7.0.1"
    },
    "mochawesome": {
      "options": {
        "quiet": false,
        "reportFilename": "report",
        "saveHtml": true,
        "saveJson": true,
        "consoleReporter": "spec",
        "useInlineDiffs": false,
        "code": true
      },
      "version": "7.1.3"
    },
    "marge": {
      "options": {
        "reportDir": "cypress/reports",
        "reportFilename": "report",
        "overwrite": false,
        "html": true,
        "json": true,
        "charts": true
      },
      "version": "6.2.0"
    }
  }
}