{
  "stats": {
    "suites": 1,
    "tests": 1,
    "passes": 1,
    "pending": 1,
    "failures": -1,
    "start": "2022-11-16T08:01:21.644Z",
    "end": "2022-11-16T08:01:29.810Z",
    "duration": 8166,
    "testsRegistered": 2,
    "passPercent": 100,
    "pendingPercent": 50,
    "other": 1,
    "hasOther": true,
    "skipped": 1,
    "hasSkipped": true
  },
  "results": [
    {
      "uuid": "ab7434eb-1533-4b5f-a318-e7d62a43e6c6",
      "title": "",
      "fullFile": "cypress/e2e/lesson2/navigation.cy.js",
      "file": "cypress/e2e/lesson2/navigation.cy.js",
      "beforeHooks": [],
      "afterHooks": [],
      "tests": [],
      "suites": [
        {
          "uuid": "2cf63c48-a249-4f7f-8447-114ea3629c9e",
          "title": "Navigasyon",
          "fullFile": "",
          "file": "",
          "beforeHooks": [],
          "afterHooks": [],
          "tests": [
            {
              "title": "back,forward,refresh",
              "fullTitle": "Navigasyon back,forward,refresh",
              "timedOut": null,
              "duration": 0,
              "state": "pending",
              "speed": null,
              "pass": false,
              "fail": false,
              "pending": false,
              "context": null,
              "code": "//skip yazdigimizda bu testi calistirmaz\ncy.visit('https://qa-environment.koalaresorthotels.com/');\ncy.contains('Log in').click();\ncy.wait(2000); //2 sn bekle HARD WAIT\ncy.go('back'); //onceki sayfaya git\n//cy.go(-1)\n//onceki sayfaya git\ncy.go('forward'); //ileri sayfaya git\ncy.pause(); //kodu durdurur\ncy.go(1); //ileri sayfaya git\ncy.reload(); //sayfayi yeniden yukleme",
              "err": {},
              "uuid": "24840308-41f0-4156-8cf5-0c7a9e49a7af",
              "parentUUID": "2cf63c48-a249-4f7f-8447-114ea3629c9e",
              "isHook": false,
              "skipped": true
            },
            {
              "title": "zincirleme navigasyon",
              "fullTitle": "Navigasyon zincirleme navigasyon",
              "timedOut": null,
              "duration": 6383,
              "state": "passed",
              "speed": "medium",
              "pass": true,
              "fail": false,
              "pending": false,
              "context": null,
              "code": "cy.visit('https://qa-environment.koalaresorthotels.com/');\ncy.contains('Log in').click().go('back').go('forward').go('back');\ncy.reload(true).contains('Log in').should(\"be.visible\");",
              "err": {},
              "uuid": "a004c6ca-36ff-4b04-ae4a-ca48718ad04d",
              "parentUUID": "2cf63c48-a249-4f7f-8447-114ea3629c9e",
              "isHook": false,
              "skipped": false
            }
          ],
          "suites": [],
          "passes": [
            "a004c6ca-36ff-4b04-ae4a-ca48718ad04d"
          ],
          "failures": [],
          "pending": [],
          "skipped": [
            "24840308-41f0-4156-8cf5-0c7a9e49a7af"
          ],
          "duration": 6383,
          "root": false,
          "rootEmpty": false,
          "_timeout": 2000
        }
      ],
      "passes": [],
      "failures": [],
      "pending": [],
      "skipped": [],
      "duration": 0,
      "root": true,
      "rootEmpty": true,
      "_timeout": 2000
    }
  ],
  "meta": {
    "mocha": {
      "version": "7.0.1"
    },
    "mochawesome": {
      "options": {
        "quiet": false,
        "reportFilename": "report",
        "saveHtml": true,
        "saveJson": true,
        "consoleReporter": "spec",
        "useInlineDiffs": false,
        "code": true
      },
      "version": "7.1.3"
    },
    "marge": {
      "options": {
        "reportDir": "cypress/reports",
        "reportFilename": "report",
        "overwrite": false,
        "html": true,
        "json": true,
        "charts": true
      },
      "version": "6.2.0"
    }
  }
}