{
  "stats": {
    "suites": 1,
    "tests": 2,
    "passes": 2,
    "pending": 0,
    "failures": 0,
    "start": "2022-11-16T08:00:45.373Z",
    "end": "2022-11-16T08:00:48.548Z",
    "duration": 3175,
    "testsRegistered": 2,
    "passPercent": 100,
    "pendingPercent": 0,
    "other": 0,
    "hasOther": false,
    "skipped": 0,
    "hasSkipped": false
  },
  "results": [
    {
      "uuid": "18ac8e52-7a4f-4462-971d-0e44cbdde785",
      "title": "",
      "fullFile": "cypress/e2e/lesson1/firstTest.cy.js",
      "file": "cypress/e2e/lesson1/firstTest.cy.js",
      "beforeHooks": [],
      "afterHooks": [],
      "tests": [],
      "suites": [
        {
          "uuid": "6ccc4fdd-3c53-41a8-a985-f3e24c085f1f",
          "title": "empty spec",
          "fullFile": "",
          "file": "",
          "beforeHooks": [],
          "afterHooks": [],
          "tests": [
            {
              "title": "passes",
              "fullTitle": "empty spec passes",
              "timedOut": null,
              "duration": 938,
              "state": "passed",
              "speed": "fast",
              "pass": true,
              "fail": false,
              "pending": false,
              "context": null,
              "code": "//testi tanimliyoruz. @test gibi\n//url adresinde google var mi? \ncy.visit('https://www.google.com/'); //visit('site adresi') siteye gider\ncy.url().should('include', 'google'); //url() url testi yapilacagi zaman kullanilir  \n//should('iceriyormu','xxxx')",
              "err": {},
              "uuid": "003c1ef4-deb7-47f1-b4c4-f685c557be7a",
              "parentUUID": "6ccc4fdd-3c53-41a8-a985-f3e24c085f1f",
              "isHook": false,
              "skipped": false
            },
            {
              "title": "Title test ",
              "fullTitle": "empty spec Title test ",
              "timedOut": null,
              "duration": 553,
              "state": "passed",
              "speed": "fast",
              "pass": true,
              "fail": false,
              "pending": false,
              "context": null,
              "code": "//title da google var mi?\ncy.visit('https://www.google.com/');\ncy.title().should('eq', 'Google');",
              "err": {},
              "uuid": "b5180480-a213-49ee-a549-ece3a4506c9d",
              "parentUUID": "6ccc4fdd-3c53-41a8-a985-f3e24c085f1f",
              "isHook": false,
              "skipped": false
            }
          ],
          "suites": [],
          "passes": [
            "003c1ef4-deb7-47f1-b4c4-f685c557be7a",
            "b5180480-a213-49ee-a549-ece3a4506c9d"
          ],
          "failures": [],
          "pending": [],
          "skipped": [],
          "duration": 1491,
          "root": false,
          "rootEmpty": false,
          "_timeout": 2000
        }
      ],
      "passes": [],
      "failures": [],
      "pending": [],
      "skipped": [],
      "duration": 0,
      "root": true,
      "rootEmpty": true,
      "_timeout": 2000
    }
  ],
  "meta": {
    "mocha": {
      "version": "7.0.1"
    },
    "mochawesome": {
      "options": {
        "quiet": false,
        "reportFilename": "report",
        "saveHtml": true,
        "saveJson": true,
        "consoleReporter": "spec",
        "useInlineDiffs": false,
        "code": true
      },
      "version": "7.1.3"
    },
    "marge": {
      "options": {
        "reportDir": "cypress/reports",
        "reportFilename": "report",
        "overwrite": false,
        "html": true,
        "json": true,
        "charts": true
      },
      "version": "6.2.0"
    }
  }
}