{
  "stats": {
    "suites": 1,
    "tests": 1,
    "passes": 0,
    "pending": 0,
    "failures": 1,
    "start": "2022-11-16T12:48:09.850Z",
    "end": "2022-11-16T12:48:46.495Z",
    "duration": 36645,
    "testsRegistered": 1,
    "passPercent": 0,
    "pendingPercent": 0,
    "other": 0,
    "hasOther": false,
    "skipped": 0,
    "hasSkipped": false
  },
  "results": [
    {
      "uuid": "d4e011ca-e59c-43c4-96f1-1667d96dba39",
      "title": "",
      "fullFile": "cypress/e2e/smoke_test/login.cy.js",
      "file": "cypress/e2e/smoke_test/login.cy.js",
      "beforeHooks": [],
      "afterHooks": [],
      "tests": [],
      "suites": [
        {
          "uuid": "152e8e87-976c-4327-a540-cd5ab488146b",
          "title": "Paylinn bank",
          "fullFile": "",
          "file": "",
          "beforeHooks": [],
          "afterHooks": [],
          "tests": [
            {
              "title": "paylinn login test",
              "fullTitle": "Paylinn bank paylinn login test",
              "timedOut": null,
              "duration": 7792,
              "state": "failed",
              "speed": null,
              "pass": false,
              "fail": true,
              "pending": false,
              "context": null,
              "code": "cy.visit(\"https://paylinn.com/\");\ncy.get('[href=\"/login\"]').click(); //or contains('Sing In').click()\ncy.get(':nth-child(1) > .MuiFormControl-root > .MuiInputBase-root > .MuiInputBase-input').type('User');\ncy.get(':nth-child(2) > .MuiFormControl-root > .MuiInputBase-root > .MuiInputBase-input').type('user');\ncy.get('.MuiButton-label').click();\ncy.get('.header__nav > :nth-child(1) > .header__lineOne').should('have.text', \"Welcoki\");\n/* or contains.text */",
              "err": {
                "message": "AssertionError: Timed out retrying after 4000ms: expected '<span.header__lineOne>' to have text 'Welcoki', but the text was 'Welcome'",
                "estack": "AssertionError: Timed out retrying after 4000ms: expected '<span.header__lineOne>' to have text 'Welcoki', but the text was 'Welcome'\n    at Context.eval (webpack:///./cypress/e2e/smoke_test/login.cy.js:9:65)",
                "diff": "- 'Welcome'\n+ 'Welcoki'\n"
              },
              "uuid": "cebb70f2-0bbc-409f-a3cf-4ef51c543ba9",
              "parentUUID": "152e8e87-976c-4327-a540-cd5ab488146b",
              "isHook": false,
              "skipped": false
            }
          ],
          "suites": [],
          "passes": [],
          "failures": [
            "cebb70f2-0bbc-409f-a3cf-4ef51c543ba9"
          ],
          "pending": [],
          "skipped": [],
          "duration": 7792,
          "root": false,
          "rootEmpty": false,
          "_timeout": 2000
        }
      ],
      "passes": [],
      "failures": [],
      "pending": [],
      "skipped": [],
      "duration": 0,
      "root": true,
      "rootEmpty": true,
      "_timeout": 2000
    }
  ],
  "meta": {
    "mocha": {
      "version": "7.0.1"
    },
    "mochawesome": {
      "options": {
        "quiet": false,
        "reportFilename": "report",
        "saveHtml": true,
        "saveJson": true,
        "consoleReporter": "spec",
        "useInlineDiffs": false,
        "code": true
      },
      "version": "7.1.3"
    },
    "marge": {
      "options": {
        "reportDir": "cypress/reports",
        "reportFilename": "report",
        "overwrite": false,
        "html": true,
        "json": true,
        "charts": true
      },
      "version": "6.2.0"
    }
  }
}