{
  "stats": {
    "suites": 1,
    "tests": 1,
    "passes": 1,
    "pending": 0,
    "failures": 0,
    "start": "2022-11-16T08:01:43.356Z",
    "end": "2022-11-16T08:01:50.150Z",
    "duration": 6794,
    "testsRegistered": 1,
    "passPercent": 100,
    "pendingPercent": 0,
    "other": 0,
    "hasOther": false,
    "skipped": 0,
    "hasSkipped": false
  },
  "results": [
    {
      "uuid": "a561b541-169a-4769-8d17-6df0661f0e66",
      "title": "",
      "fullFile": "cypress/e2e/lesson3/scroll.cy.js",
      "file": "cypress/e2e/lesson3/scroll.cy.js",
      "beforeHooks": [],
      "afterHooks": [],
      "tests": [],
      "suites": [
        {
          "uuid": "99c2392a-aa56-483e-9796-572aea86807b",
          "title": "scroll",
          "fullFile": "",
          "file": "",
          "beforeHooks": [],
          "afterHooks": [],
          "tests": [
            {
              "title": "scroll into view",
              "fullTitle": "scroll scroll into view",
              "timedOut": null,
              "duration": 5038,
              "state": "passed",
              "speed": "medium",
              "pass": true,
              "fail": false,
              "pending": false,
              "context": null,
              "code": "//locate edilen yere gider \ncy.visit('https://qa-environment.koalaresorthotels.com/');\ncy.wait(2000);\ncy.get('.col-md-7 > .mb-4').scrollIntoView(); //locate edilen yere gider \ncy.get(':nth-child(9) > .container > .justify-content-center > .col-md-7 > h2').scrollIntoView();\ncy.scrollTo('bottom'); //en alta iner\ncy.scrollTo('top'); //en uste cikar\ncy.scrollTo(0, 1000); //1000px down\ncy.scrollTo(0, -1000); //1000px up",
              "err": {},
              "uuid": "b82f9021-009f-459c-9ae7-540c32632d19",
              "parentUUID": "99c2392a-aa56-483e-9796-572aea86807b",
              "isHook": false,
              "skipped": false
            }
          ],
          "suites": [],
          "passes": [
            "b82f9021-009f-459c-9ae7-540c32632d19"
          ],
          "failures": [],
          "pending": [],
          "skipped": [],
          "duration": 5038,
          "root": false,
          "rootEmpty": false,
          "_timeout": 2000
        }
      ],
      "passes": [],
      "failures": [],
      "pending": [],
      "skipped": [],
      "duration": 0,
      "root": true,
      "rootEmpty": true,
      "_timeout": 2000
    }
  ],
  "meta": {
    "mocha": {
      "version": "7.0.1"
    },
    "mochawesome": {
      "options": {
        "quiet": false,
        "reportFilename": "report",
        "saveHtml": true,
        "saveJson": true,
        "consoleReporter": "spec",
        "useInlineDiffs": false,
        "code": true
      },
      "version": "7.1.3"
    },
    "marge": {
      "options": {
        "reportDir": "cypress/reports",
        "reportFilename": "report",
        "overwrite": false,
        "html": true,
        "json": true,
        "charts": true
      },
      "version": "6.2.0"
    }
  }
}