{
  "stats": {
    "suites": 1,
    "tests": 1,
    "passes": 1,
    "pending": 0,
    "failures": 0,
    "start": "2022-11-16T08:00:49.801Z",
    "end": "2022-11-16T08:01:11.607Z",
    "duration": 21806,
    "testsRegistered": 1,
    "passPercent": 100,
    "pendingPercent": 0,
    "other": 0,
    "hasOther": false,
    "skipped": 0,
    "hasSkipped": false
  },
  "results": [
    {
      "uuid": "5fea8398-388e-4fdb-a562-aaed617a763e",
      "title": "",
      "fullFile": "cypress/e2e/lesson1/loginTest.cy.js",
      "file": "cypress/e2e/lesson1/loginTest.cy.js",
      "beforeHooks": [],
      "afterHooks": [],
      "tests": [],
      "suites": [
        {
          "uuid": "0eb99e55-b2b5-4ed1-90b9-6cb5c6f4788d",
          "title": "Crystal Key Hotel",
          "fullFile": "",
          "file": "",
          "beforeHooks": [],
          "afterHooks": [],
          "tests": [
            {
              "title": "Otel testi",
              "fullTitle": "Crystal Key Hotel Otel testi",
              "timedOut": null,
              "duration": 20070,
              "state": "passed",
              "speed": "slow",
              "pass": true,
              "fail": false,
              "pending": false,
              "context": null,
              "code": "cy.visit('https://qa-environment.koalaresorthotels.com/'); //selenium get\n//1.yol\ncy.get('#navLogon > .nav-link').click(); //2.yol \ncy.contains('Log in').click(); //contains metni text olarak bulur\n//username: 'manager' \ncy.get('#UserName').type('Manager'); // type icerisinde yazani locate alinan yere yaz demek \ncy.get('#Password').type('Manager1!');\ncy.get('#btnSubmit').click();",
              "err": {},
              "uuid": "3c025588-d3d4-40ab-9c0b-7853b43dd0c8",
              "parentUUID": "0eb99e55-b2b5-4ed1-90b9-6cb5c6f4788d",
              "isHook": false,
              "skipped": false
            }
          ],
          "suites": [],
          "passes": [
            "3c025588-d3d4-40ab-9c0b-7853b43dd0c8"
          ],
          "failures": [],
          "pending": [],
          "skipped": [],
          "duration": 20070,
          "root": false,
          "rootEmpty": false,
          "_timeout": 2000
        }
      ],
      "passes": [],
      "failures": [],
      "pending": [],
      "skipped": [],
      "duration": 0,
      "root": true,
      "rootEmpty": true,
      "_timeout": 2000
    }
  ],
  "meta": {
    "mocha": {
      "version": "7.0.1"
    },
    "mochawesome": {
      "options": {
        "quiet": false,
        "reportFilename": "report",
        "saveHtml": true,
        "saveJson": true,
        "consoleReporter": "spec",
        "useInlineDiffs": false,
        "code": true
      },
      "version": "7.1.3"
    },
    "marge": {
      "options": {
        "reportDir": "cypress/reports",
        "reportFilename": "report",
        "overwrite": false,
        "html": true,
        "json": true,
        "charts": true
      },
      "version": "6.2.0"
    }
  }
}