{
  "stats": {
    "suites": 1,
    "tests": 1,
    "passes": 1,
    "pending": 0,
    "failures": 0,
    "start": "2022-11-16T08:00:30.217Z",
    "end": "2022-11-16T08:00:44.073Z",
    "duration": 13856,
    "testsRegistered": 1,
    "passPercent": 100,
    "pendingPercent": 0,
    "other": 0,
    "hasOther": false,
    "skipped": 0,
    "hasSkipped": false
  },
  "results": [
    {
      "uuid": "cf311eac-041f-4a84-a14d-b46a2b7b195b",
      "title": "",
      "fullFile": "cypress/e2e/lesson1/crytal_assert.cy.js",
      "file": "cypress/e2e/lesson1/crytal_assert.cy.js",
      "beforeHooks": [],
      "afterHooks": [],
      "tests": [],
      "suites": [
        {
          "uuid": "5a646cb6-cb89-4fab-9239-23eb793a49a3",
          "title": "Key Hotel",
          "fullFile": "",
          "file": "",
          "beforeHooks": [],
          "afterHooks": [],
          "tests": [
            {
              "title": "Test Case1",
              "fullTitle": "Key Hotel Test Case1",
              "timedOut": null,
              "duration": 10596,
              "state": "passed",
              "speed": "slow",
              "pass": true,
              "fail": false,
              "pending": false,
              "context": null,
              "code": "cy.visit('https://qa-environment.koalaresorthotels.com/');\ncy.contains('Log in').click(); //ASSERT\n//! Hesap sayfasinda oldugumuzu dogrulamak icin 5 secenek;\n//1.\ncy.url().should('include', 'Account'); //url account iceriyor mu\n//2.\ncy.get('#navLogon > .nav-link').should('have.text', 'Log in'); //locate edilen yerdeki metinde Log in yaziyor mu \n//3.\ncy.get('.row > .mb-4').should('be.visible'); //locate edilen yerde metin var mi veya gorunur mu \n//4.\n// cy.title().should('eq',\"KoalaResortHotels- Log in\")\n//5.\ncy.get('.row > .mb-4').should('include.text', 'Log in');",
              "err": {},
              "uuid": "c516fc23-e08c-477e-a4bb-7ba3bdb96c0a",
              "parentUUID": "5a646cb6-cb89-4fab-9239-23eb793a49a3",
              "isHook": false,
              "skipped": false
            }
          ],
          "suites": [],
          "passes": [
            "c516fc23-e08c-477e-a4bb-7ba3bdb96c0a"
          ],
          "failures": [],
          "pending": [],
          "skipped": [],
          "duration": 10596,
          "root": false,
          "rootEmpty": false,
          "_timeout": 2000
        }
      ],
      "passes": [],
      "failures": [],
      "pending": [],
      "skipped": [],
      "duration": 0,
      "root": true,
      "rootEmpty": true,
      "_timeout": 2000
    }
  ],
  "meta": {
    "mocha": {
      "version": "7.0.1"
    },
    "mochawesome": {
      "options": {
        "quiet": false,
        "reportFilename": "report",
        "saveHtml": true,
        "saveJson": true,
        "consoleReporter": "spec",
        "useInlineDiffs": false,
        "code": true
      },
      "version": "7.1.3"
    },
    "marge": {
      "options": {
        "reportDir": "cypress/reports",
        "reportFilename": "report",
        "overwrite": false,
        "html": true,
        "json": true,
        "charts": true
      },
      "version": "6.2.0"
    }
  }
}