{
  "stats": {
    "suites": 1,
    "tests": 1,
    "passes": 1,
    "pending": 0,
    "failures": 0,
    "start": "2022-11-16T08:01:12.852Z",
    "end": "2022-11-16T08:01:16.880Z",
    "duration": 4028,
    "testsRegistered": 1,
    "passPercent": 100,
    "pendingPercent": 0,
    "other": 0,
    "hasOther": false,
    "skipped": 0,
    "hasSkipped": false
  },
  "results": [
    {
      "uuid": "468a4ed1-1711-48a4-b253-7a1e84b997e0",
      "title": "",
      "fullFile": "cypress/e2e/lesson2/dropdown.cy.js",
      "file": "cypress/e2e/lesson2/dropdown.cy.js",
      "beforeHooks": [],
      "afterHooks": [],
      "tests": [],
      "suites": [
        {
          "uuid": "0297cc18-40c1-4eb7-9d79-396050145097",
          "title": "dropdowm",
          "fullFile": "",
          "file": "",
          "beforeHooks": [],
          "afterHooks": [],
          "tests": [
            {
              "title": "dropdown test",
              "fullTitle": "dropdowm dropdown test",
              "timedOut": null,
              "duration": 1882,
              "state": "passed",
              "speed": "fast",
              "pass": true,
              "fail": false,
              "pending": false,
              "context": null,
              "code": "cy.visit(\"https://the-internet.herokuapp.com/dropdown\");\ncy.get('#dropdown').select('Option 1').should('have.value', '1'); //select option 2 \ncy.get('#dropdown').select('Option 2').should('have.value', '2');",
              "err": {},
              "uuid": "5c4638b2-3783-4de8-9bcd-5fd10dbda727",
              "parentUUID": "0297cc18-40c1-4eb7-9d79-396050145097",
              "isHook": false,
              "skipped": false
            }
          ],
          "suites": [],
          "passes": [
            "5c4638b2-3783-4de8-9bcd-5fd10dbda727"
          ],
          "failures": [],
          "pending": [],
          "skipped": [],
          "duration": 1882,
          "root": false,
          "rootEmpty": false,
          "_timeout": 2000
        }
      ],
      "passes": [],
      "failures": [],
      "pending": [],
      "skipped": [],
      "duration": 0,
      "root": true,
      "rootEmpty": true,
      "_timeout": 2000
    }
  ],
  "meta": {
    "mocha": {
      "version": "7.0.1"
    },
    "mochawesome": {
      "options": {
        "quiet": false,
        "reportFilename": "report",
        "saveHtml": true,
        "saveJson": true,
        "consoleReporter": "spec",
        "useInlineDiffs": false,
        "code": true
      },
      "version": "7.1.3"
    },
    "marge": {
      "options": {
        "reportDir": "cypress/reports",
        "reportFilename": "report",
        "overwrite": false,
        "html": true,
        "json": true,
        "charts": true
      },
      "version": "6.2.0"
    }
  }
}