{
  "stats": {
    "suites": 1,
    "tests": 1,
    "passes": 0,
    "pending": 1,
    "failures": 0,
    "start": "2022-11-16T08:01:18.102Z",
    "end": "2022-11-16T08:01:20.233Z",
    "duration": 2131,
    "testsRegistered": 2,
    "passPercent": 0,
    "pendingPercent": 50,
    "other": 1,
    "hasOther": true,
    "skipped": 1,
    "hasSkipped": true
  },
  "results": [
    {
      "uuid": "8cdf7b35-ce5c-40c9-965f-233e50b471e1",
      "title": "",
      "fullFile": "cypress/e2e/lesson2/loginTest.cy.js",
      "file": "cypress/e2e/lesson2/loginTest.cy.js",
      "beforeHooks": [],
      "afterHooks": [],
      "tests": [],
      "suites": [
        {
          "uuid": "bb0f924f-799b-4842-aad6-59a0721de7ed",
          "title": "Login",
          "fullFile": "",
          "file": "",
          "beforeHooks": [],
          "afterHooks": [],
          "tests": [
            {
              "title": "login negatif",
              "fullTitle": "Login login negatif",
              "timedOut": null,
              "duration": 0,
              "state": "pending",
              "speed": null,
              "pass": false,
              "fail": false,
              "pending": false,
              "context": null,
              "code": "//siteye ulasilmiyor \ncy.visit('https://test.iyikisordun.com/login.php');\ncy.get('[type=\"email\"]').type(eMail);\ncy.get('[type=\"password\"]').type(pass);\ncy.get('.btn').click();\ncy.get('#fail').should('include.text', 'girdiginiz bilgiler hatalidir'); //fail bekledigimiz durumlarda kullanabiliriz",
              "err": {},
              "uuid": "32ceac5f-0002-4aa5-a4e4-a73af24447d1",
              "parentUUID": "bb0f924f-799b-4842-aad6-59a0721de7ed",
              "isHook": false,
              "skipped": true
            },
            {
              "title": "login pozitif",
              "fullTitle": "Login login pozitif",
              "timedOut": null,
              "duration": 2073,
              "state": "failed",
              "speed": null,
              "pass": false,
              "fail": true,
              "pending": false,
              "context": null,
              "code": "cy.visit('https://test.iyikisordun.com/login.php');\ncy.get('[type=\"email\"]').type(eMail);\ncy.get('[type=\"password\"]').type(pass);\ncy.get('.btn').click();",
              "err": {
                "message": "CypressError: `cy.visit()` failed trying to load:\n\nhttps://test.iyikisordun.com/login.php\n\nWe attempted to make an http request to this URL but the request failed without a response.\n\nWe received this error at the network level:\n\n  > Error: getaddrinfo ENOTFOUND test.iyikisordun.com\n\nCommon situations why this would fail:\n  - you don't have internet access\n  - you forgot to run / boot your web server\n  - your web server isn't accessible\n  - you have weird network configuration settings on your computer",
                "estack": "CypressError: `cy.visit()` failed trying to load:\n\nhttps://test.iyikisordun.com/login.php\n\nWe attempted to make an http request to this URL but the request failed without a response.\n\nWe received this error at the network level:\n\n  > Error: getaddrinfo ENOTFOUND test.iyikisordun.com\n\nCommon situations why this would fail:\n  - you don't have internet access\n  - you forgot to run / boot your web server\n  - your web server isn't accessible\n  - you have weird network configuration settings on your computer\n    at <unknown> (http://localhost:38485/__cypress/runner/cypress_runner.js:142407:82)\n    at visitFailedByErr (http://localhost:38485/__cypress/runner/cypress_runner.js:141695:12)\n    at <unknown> (http://localhost:38485/__cypress/runner/cypress_runner.js:142406:11)\n    at tryCatcher (http://localhost:38485/__cypress/runner/cypress_runner.js:11327:23)\n    at Promise._settlePromiseFromHandler (http://localhost:38485/__cypress/runner/cypress_runner.js:9262:31)\n    at Promise._settlePromise (http://localhost:38485/__cypress/runner/cypress_runner.js:9319:18)\n    at Promise._settlePromise0 (http://localhost:38485/__cypress/runner/cypress_runner.js:9364:10)\n    at Promise._settlePromises (http://localhost:38485/__cypress/runner/cypress_runner.js:9440:18)\n    at _drainQueueStep (http://localhost:38485/__cypress/runner/cypress_runner.js:6034:12)\n    at _drainQueue (http://localhost:38485/__cypress/runner/cypress_runner.js:6027:9)\n    at ../../node_modules/bluebird/js/release/async.js.Async._drainQueues (http://localhost:38485/__cypress/runner/cypress_runner.js:6043:5)\n    at Async.drainQueues (http://localhost:38485/__cypress/runner/cypress_runner.js:5913:14)\nFrom Your Spec Code:\n    at Context.eval (webpack:///./cypress/e2e/lesson2/loginTest.cy.js:15:11)\n\nFrom Node.js Internals:\n  Error: getaddrinfo ENOTFOUND test.iyikisordun.com\n      at GetAddrInfoReqWrap.onlookup [as oncomplete] (node:dns:71:26)",
                "diff": null
              },
              "uuid": "68f28126-46aa-4c4c-9f8e-686c738927c3",
              "parentUUID": "bb0f924f-799b-4842-aad6-59a0721de7ed",
              "isHook": false,
              "skipped": false
            }
          ],
          "suites": [],
          "passes": [],
          "failures": [
            "68f28126-46aa-4c4c-9f8e-686c738927c3"
          ],
          "pending": [],
          "skipped": [
            "32ceac5f-0002-4aa5-a4e4-a73af24447d1"
          ],
          "duration": 2073,
          "root": false,
          "rootEmpty": false,
          "_timeout": 2000
        }
      ],
      "passes": [],
      "failures": [],
      "pending": [],
      "skipped": [],
      "duration": 0,
      "root": true,
      "rootEmpty": true,
      "_timeout": 2000
    }
  ],
  "meta": {
    "mocha": {
      "version": "7.0.1"
    },
    "mochawesome": {
      "options": {
        "quiet": false,
        "reportFilename": "report",
        "saveHtml": true,
        "saveJson": true,
        "consoleReporter": "spec",
        "useInlineDiffs": false,
        "code": true
      },
      "version": "7.1.3"
    },
    "marge": {
      "options": {
        "reportDir": "cypress/reports",
        "reportFilename": "report",
        "overwrite": false,
        "html": true,
        "json": true,
        "charts": true
      },
      "version": "6.2.0"
    }
  }
}