{
  "stats": {
    "suites": 1,
    "tests": 1,
    "passes": 1,
    "pending": 0,
    "failures": 0,
    "start": "2022-11-16T08:01:32.629Z",
    "end": "2022-11-16T08:01:42.059Z",
    "duration": 9430,
    "testsRegistered": 1,
    "passPercent": 100,
    "pendingPercent": 0,
    "other": 0,
    "hasOther": false,
    "skipped": 0,
    "hasSkipped": false
  },
  "results": [
    {
      "uuid": "b58be3c1-55ef-4896-80c6-66b679c9127d",
      "title": "",
      "fullFile": "cypress/e2e/lesson3/hoverOver.cy.js",
      "file": "cypress/e2e/lesson3/hoverOver.cy.js",
      "beforeHooks": [],
      "afterHooks": [],
      "tests": [],
      "suites": [
        {
          "uuid": "10732272-4836-4496-8cc7-a93b994d580d",
          "title": "hover over",
          "fullFile": "",
          "file": "",
          "beforeHooks": [],
          "afterHooks": [],
          "tests": [
            {
              "title": "move over",
              "fullTitle": "hover over move over",
              "timedOut": null,
              "duration": 7019,
              "state": "passed",
              "speed": "medium",
              "pass": true,
              "fail": false,
              "pending": false,
              "context": null,
              "code": "cy.visit('https://www.amazon.com/');\ncy.get('.icp-nav-link-inner > .nav-line-2 > .nav-icon').trigger('mouseover'); //trigger()=> mouse'u hareket ettirir\n//change country/region\ncy.contains('Change country/region').click();\ncy.wait(2000); //select Canada \ncy.get('.a-dropdown-prompt').click();\ncy.get('#icp-dropdown_3').click(); // cy.get('#icp-selected-country').select('Canada',{force: true}) \n//! dropdown elementini acmaya zorlamak icin kullanilir",
              "err": {},
              "uuid": "69e9f7b9-501e-423e-a589-b2bc6a772dca",
              "parentUUID": "10732272-4836-4496-8cc7-a93b994d580d",
              "isHook": false,
              "skipped": false
            }
          ],
          "suites": [],
          "passes": [
            "69e9f7b9-501e-423e-a589-b2bc6a772dca"
          ],
          "failures": [],
          "pending": [],
          "skipped": [],
          "duration": 7019,
          "root": false,
          "rootEmpty": false,
          "_timeout": 2000
        }
      ],
      "passes": [],
      "failures": [],
      "pending": [],
      "skipped": [],
      "duration": 0,
      "root": true,
      "rootEmpty": true,
      "_timeout": 2000
    }
  ],
  "meta": {
    "mocha": {
      "version": "7.0.1"
    },
    "mochawesome": {
      "options": {
        "quiet": false,
        "reportFilename": "report",
        "saveHtml": true,
        "saveJson": true,
        "consoleReporter": "spec",
        "useInlineDiffs": false,
        "code": true
      },
      "version": "7.1.3"
    },
    "marge": {
      "options": {
        "reportDir": "cypress/reports",
        "reportFilename": "report",
        "overwrite": false,
        "html": true,
        "json": true,
        "charts": true
      },
      "version": "6.2.0"
    }
  }
}