{
  "stats": {
    "suites": 1,
    "tests": 1,
    "passes": 1,
    "pending": 1,
    "failures": -1,
    "start": "2022-11-16T08:01:59.196Z",
    "end": "2022-11-16T08:02:02.783Z",
    "duration": 3587,
    "testsRegistered": 2,
    "passPercent": 100,
    "pendingPercent": 50,
    "other": 1,
    "hasOther": true,
    "skipped": 1,
    "hasSkipped": true
  },
  "results": [
    {
      "uuid": "34a1ba06-1f06-4ab6-bd0e-1fba3398dd4f",
      "title": "",
      "fullFile": "cypress/e2e/lesson4/dragAndDrop.cy.js",
      "file": "cypress/e2e/lesson4/dragAndDrop.cy.js",
      "beforeHooks": [],
      "afterHooks": [],
      "tests": [],
      "suites": [
        {
          "uuid": "0b70d228-4828-4cf8-9aba-b9d3680fa952",
          "title": "Drag and drop",
          "fullFile": "",
          "file": "",
          "beforeHooks": [],
          "afterHooks": [],
          "tests": [
            {
              "title": "double click",
              "fullTitle": "Drag and drop double click",
              "timedOut": null,
              "duration": 0,
              "state": "pending",
              "speed": null,
              "pass": false,
              "fail": false,
              "pending": false,
              "context": null,
              "code": "//double click yapilacak sayfa yok cy.get('locate).dblclick() method bu \n//right click yapilacak sayfa yok cy.get('locate).right click() method bu \ncy.on('window:alert', str => {\n  //double click'den sonra alert cikiyor onun assertioni\n  // assert\n  //!1\n  expect(str).to.equal('hi, JavaTpoint Testing'); //!2\n  expect(str).to.eq('hi, JavaTpoint Testing'); //!3\n  expect(str).to.contains('hi, JavaTpoint Testing');\n});",
              "err": {},
              "uuid": "b7ee9c53-42a6-43ee-a598-527ebbab962c",
              "parentUUID": "0b70d228-4828-4cf8-9aba-b9d3680fa952",
              "isHook": false,
              "skipped": true
            },
            {
              "title": "drag and drop",
              "fullTitle": "Drag and drop drag and drop",
              "timedOut": null,
              "duration": 2064,
              "state": "passed",
              "speed": "fast",
              "pass": true,
              "fail": false,
              "pending": false,
              "context": null,
              "code": "cy.visit('https://the-internet.herokuapp.com/drag_and_drop');\ncy.get('#column-a') //suruklenecek element locate'i \n.drag('#column-b'); //suruklenecek yerin locate'i",
              "err": {},
              "uuid": "6f216d9c-6367-4af6-96b0-5a8c0b4de3cb",
              "parentUUID": "0b70d228-4828-4cf8-9aba-b9d3680fa952",
              "isHook": false,
              "skipped": false
            }
          ],
          "suites": [],
          "passes": [
            "6f216d9c-6367-4af6-96b0-5a8c0b4de3cb"
          ],
          "failures": [],
          "pending": [],
          "skipped": [
            "b7ee9c53-42a6-43ee-a598-527ebbab962c"
          ],
          "duration": 2064,
          "root": false,
          "rootEmpty": false,
          "_timeout": 2000
        }
      ],
      "passes": [],
      "failures": [],
      "pending": [],
      "skipped": [],
      "duration": 0,
      "root": true,
      "rootEmpty": true,
      "_timeout": 2000
    }
  ],
  "meta": {
    "mocha": {
      "version": "7.0.1"
    },
    "mochawesome": {
      "options": {
        "quiet": false,
        "reportFilename": "report",
        "saveHtml": true,
        "saveJson": true,
        "consoleReporter": "spec",
        "useInlineDiffs": false,
        "code": true
      },
      "version": "7.1.3"
    },
    "marge": {
      "options": {
        "reportDir": "cypress/reports",
        "reportFilename": "report",
        "overwrite": false,
        "html": true,
        "json": true,
        "charts": true
      },
      "version": "6.2.0"
    }
  }
}