{
  "stats": {
    "suites": 1,
    "tests": 1,
    "passes": 1,
    "pending": 1,
    "failures": -1,
    "start": "2022-11-16T08:01:57.384Z",
    "end": "2022-11-16T08:01:57.921Z",
    "duration": 537,
    "testsRegistered": 2,
    "passPercent": 100,
    "pendingPercent": 50,
    "other": 1,
    "hasOther": true,
    "skipped": 1,
    "hasSkipped": true
  },
  "results": [
    {
      "uuid": "1a9276c5-ad0a-42dc-bb77-4804815b5d89",
      "title": "",
      "fullFile": "cypress/e2e/lesson4/customMethod.cy.js",
      "file": "cypress/e2e/lesson4/customMethod.cy.js",
      "beforeHooks": [],
      "afterHooks": [],
      "tests": [],
      "suites": [
        {
          "uuid": "b2ad02f6-a371-4aa3-8f83-a0c732afe272",
          "title": "",
          "fullFile": "",
          "file": "",
          "beforeHooks": [],
          "afterHooks": [],
          "tests": [
            {
              "title": "login",
              "fullTitle": " login",
              "timedOut": null,
              "duration": 0,
              "state": "pending",
              "speed": null,
              "pass": false,
              "fail": false,
              "pending": false,
              "context": null,
              "code": "cy.login('12zynp@gmail.com', 'djdjjd'); //login-> commands.js de tanimlanan method\n//commands.js'de tanimlandigi icin framework'ten ulasabiliyoruz",
              "err": {},
              "uuid": "cc53f86b-7ad4-4416-b0c0-c71173439e7e",
              "parentUUID": "b2ad02f6-a371-4aa3-8f83-a0c732afe272",
              "isHook": false,
              "skipped": true
            },
            {
              "title": "negative log in",
              "fullTitle": " negative log in",
              "timedOut": null,
              "duration": 508,
              "state": "passed",
              "speed": "fast",
              "pass": true,
              "fail": false,
              "pending": false,
              "context": null,
              "code": "//hatali giris yapilir\ncy.screenshot();",
              "err": {},
              "uuid": "2be4d10a-0e67-43b2-9809-039100aa6a37",
              "parentUUID": "b2ad02f6-a371-4aa3-8f83-a0c732afe272",
              "isHook": false,
              "skipped": false
            }
          ],
          "suites": [],
          "passes": [
            "2be4d10a-0e67-43b2-9809-039100aa6a37"
          ],
          "failures": [],
          "pending": [],
          "skipped": [
            "cc53f86b-7ad4-4416-b0c0-c71173439e7e"
          ],
          "duration": 508,
          "root": false,
          "rootEmpty": false,
          "_timeout": 2000
        }
      ],
      "passes": [],
      "failures": [],
      "pending": [],
      "skipped": [],
      "duration": 0,
      "root": true,
      "rootEmpty": true,
      "_timeout": 2000
    }
  ],
  "meta": {
    "mocha": {
      "version": "7.0.1"
    },
    "mochawesome": {
      "options": {
        "quiet": false,
        "reportFilename": "report",
        "saveHtml": true,
        "saveJson": true,
        "consoleReporter": "spec",
        "useInlineDiffs": false,
        "code": true
      },
      "version": "7.1.3"
    },
    "marge": {
      "options": {
        "reportDir": "cypress/reports",
        "reportFilename": "report",
        "overwrite": false,
        "html": true,
        "json": true,
        "charts": true
      },
      "version": "6.2.0"
    }
  }
}